0 info it worked if it ends with ok
1 verbose cli [ 'C:\\Program Files\\nodejs\\node.exe',
1 verbose cli   'C:\\Program Files\\nodejs\\node_modules\\npm\\bin\\npm-cli.js',
1 verbose cli   'install',
1 verbose cli   '–g',
1 verbose cli   'mocha' ]
2 info using npm@3.3.12
3 info using node@v5.1.0
4 silly loadCurrentTree Starting
5 silly install loadCurrentTree
6 silly install readLocalPackageData
7 silly fetchPackageMetaData –g
8 silly fetchPackageMetaData mocha
9 silly fetchOtherPackageData –g
10 silly cache add args [ '–g', null ]
11 verbose cache add spec –g
12 silly fetchNamedPackageData mocha
13 silly mapToRegistry name mocha
14 silly mapToRegistry using default registry
15 silly mapToRegistry registry https://registry.npmjs.org/
16 silly mapToRegistry uri https://registry.npmjs.org/mocha
17 silly cache add parsed spec Result {
17 silly cache add   raw: '–g',
17 silly cache add   scope: null,
17 silly cache add   name: null,
17 silly cache add   rawSpec: '–g',
17 silly cache add   spec: 'D:\\mp\\nodeJs\\node-learn\\practical_nodejs\\3_express\\blog-express\\–g',
17 silly cache add   type: 'local' }
18 verbose request uri https://registry.npmjs.org/mocha
19 verbose request no auth needed
20 info attempt registry request try #1 at 20:34:09
21 verbose request id 828d4ce555dd85e2
22 http request GET https://registry.npmjs.org/mocha
23 error addLocal Could not install D:\mp\nodeJs\node-learn\practical_nodejs\3_express\blog-express\–g
24 silly fetchPackageMetaData Error: ENOENT: no such file or directory, open 'D:\mp\nodeJs\node-learn\practical_nodejs\3_express\blog-express\–g'
24 silly fetchPackageMetaData     at Error (native)
24 silly fetchPackageMetaData  error for –g { [Error: ENOENT: no such file or directory, open 'D:\mp\nodeJs\node-learn\practical_nodejs\3_express\blog-express\–g']
24 silly fetchPackageMetaData   errno: -4058,
24 silly fetchPackageMetaData   code: 'ENOENT',
24 silly fetchPackageMetaData   syscall: 'open',
24 silly fetchPackageMetaData   path: 'D:\\mp\\nodeJs\\node-learn\\practical_nodejs\\3_express\\blog-express\\–g' }
25 http 400 https://registry.npmjs.org/mocha
26 verbose headers {}
27 silly get cb [ 400, {} ]
28 silly fetchPackageMetaData Error: 400 Bad Request
28 silly fetchPackageMetaData     at makeError (C:\Program Files\nodejs\node_modules\npm\node_modules\npm-registry-client\lib\request.js:264:12)
28 silly fetchPackageMetaData     at CachingRegistryClient.<anonymous> (C:\Program Files\nodejs\node_modules\npm\node_modules\npm-registry-client\lib\request.js:215:9)
28 silly fetchPackageMetaData     at Request._callback (C:\Program Files\nodejs\node_modules\npm\node_modules\npm-registry-client\lib\request.js:172:14)
28 silly fetchPackageMetaData     at Request.self.callback (C:\Program Files\nodejs\node_modules\npm\node_modules\request\request.js:198:22)
28 silly fetchPackageMetaData     at emitTwo (events.js:87:13)
28 silly fetchPackageMetaData     at Request.emit (events.js:172:7)
28 silly fetchPackageMetaData     at Request.<anonymous> (C:\Program Files\nodejs\node_modules\npm\node_modules\request\request.js:1082:10)
28 silly fetchPackageMetaData     at emitOne (events.js:82:20)
28 silly fetchPackageMetaData     at Request.emit (events.js:169:7)
28 silly fetchPackageMetaData     at IncomingMessage.<anonymous> (C:\Program Files\nodejs\node_modules\npm\node_modules\request\request.js:1009:12)
28 silly fetchPackageMetaData  error for mocha { [Error: 400 Bad Request] statusCode: 400, code: 'E400' }
29 silly rollbackFailedOptional Starting
30 silly rollbackFailedOptional Finishing
31 silly runTopLevelLifecycles Starting
32 silly runTopLevelLifecycles Finishing
33 silly install printInstalled
34 verbose stack Error: ENOENT: no such file or directory, open 'D:\mp\nodeJs\node-learn\practical_nodejs\3_express\blog-express\–g'
34 verbose stack     at Error (native)
35 verbose cwd D:\mp\nodeJs\node-learn\practical_nodejs\3_express\blog-express
36 error Windows_NT 10.0.10586
37 error argv "C:\\Program Files\\nodejs\\node.exe" "C:\\Program Files\\nodejs\\node_modules\\npm\\bin\\npm-cli.js" "install" "–g" "mocha"
38 error node v5.1.0
39 error npm  v3.3.12
40 error path D:\mp\nodeJs\node-learn\practical_nodejs\3_express\blog-express\–g
41 error code ENOENT
42 error errno -4058
43 error syscall open
44 error enoent ENOENT: no such file or directory, open 'D:\mp\nodeJs\node-learn\practical_nodejs\3_express\blog-express\–g'
44 error enoent This is most likely not a problem with npm itself
44 error enoent and is related to npm not being able to find a file.
45 verbose exit [ -4058, true ]
